14-03-2026 16:19:47.832 INFO  c.e.a.AdminConsoleBackendApplication.logStarting.50 - Starting AdminConsoleBackendApplication using Java 17.0.18 with PID 10320 (D:\METAINT\adminconsole-backend\admin-console-backend\target\classes started by HoangSieuCapVipPro in D:\METAINT\adminconsole-backend\admin-console-backend)
14-03-2026 16:19:47.868 INFO  c.e.a.AdminConsoleBackendApplication.logStartupProfileInfo.654 - No active profile set, falling back to 1 default profile: "default"
14-03-2026 16:19:50.520 INFO  o.s.d.r.c.RepositoryConfigurationDelegate.multipleStoresDetected.295 - Multiple Spring Data modules found, entering strict repository configuration mode
14-03-2026 16:19:50.536 INFO  o.s.d.r.c.RepositoryConfigurationDelegate.registerRepositoriesIn.143 - Bootstrapping Spring Data JPA repositories in DEFAULT mode.
14-03-2026 16:19:50.552 INFO  o.s.d.r.c.RepositoryConfigurationDelegate.registerRepositoriesIn.211 - Finished Spring Data repository scanning in 13 ms. Found 0 JPA repository interfaces.
14-03-2026 16:19:50.567 INFO  o.s.d.r.c.RepositoryConfigurationDelegate.multipleStoresDetected.295 - Multiple Spring Data modules found, entering strict repository configuration mode
14-03-2026 16:19:50.567 INFO  o.s.d.r.c.RepositoryConfigurationDelegate.registerRepositoriesIn.143 - Bootstrapping Spring Data JPA repositories in DEFAULT mode.
14-03-2026 16:19:50.723 INFO  o.s.d.r.c.RepositoryConfigurationDelegate.registerRepositoriesIn.211 - Finished Spring Data repository scanning in 161 ms. Found 9 JPA repository interfaces.
14-03-2026 16:19:51.369 INFO  o.s.d.r.c.RepositoryConfigurationDelegate.multipleStoresDetected.295 - Multiple Spring Data modules found, entering strict repository configuration mode
14-03-2026 16:19:51.369 INFO  o.s.d.r.c.RepositoryConfigurationDelegate.registerRepositoriesIn.143 - Bootstrapping Spring Data Redis repositories in DEFAULT mode.
14-03-2026 16:19:51.401 INFO  o.s.d.r.c.RepositoryConfigurationExtensionSupport.isStrictRepositoryCandidate.320 - Spring Data Redis - Could not safely identify store assignment for repository candidate interface com.elcom.adminconsolebackend.repository.management.GroupMappingRepository; If you want this repository to be a Redis repository, consider annotating your entities with one of these annotations: org.springframework.data.redis.core.RedisHash (preferred), or consider extending one of the following types with your repository: org.springframework.data.keyvalue.repository.KeyValueRepository
14-03-2026 16:19:51.416 INFO  o.s.d.r.c.RepositoryConfigurationExtensionSupport.isStrictRepositoryCandidate.320 - Spring Data Redis - Could not safely identify store assignment for repository candidate interface com.elcom.adminconsolebackend.repository.management.GroupRepository; If you want this repository to be a Redis repository, consider annotating your entities with one of these annotations: org.springframework.data.redis.core.RedisHash (preferred), or consider extending one of the following types with your repository: org.springframework.data.keyvalue.repository.KeyValueRepository
14-03-2026 16:19:51.416 INFO  o.s.d.r.c.RepositoryConfigurationExtensionSupport.isStrictRepositoryCandidate.320 - Spring Data Redis - Could not safely identify store assignment for repository candidate interface com.elcom.adminconsolebackend.repository.management.HistoryRepository; If you want this repository to be a Redis repository, consider annotating your entities with one of these annotations: org.springframework.data.redis.core.RedisHash (preferred), or consider extending one of the following types with your repository: org.springframework.data.keyvalue.repository.KeyValueRepository
14-03-2026 16:19:51.416 INFO  o.s.d.r.c.RepositoryConfigurationExtensionSupport.isStrictRepositoryCandidate.320 - Spring Data Redis - Could not safely identify store assignment for repository candidate interface com.elcom.adminconsolebackend.repository.management.IpAccessRepository; If you want this repository to be a Redis repository, consider annotating your entities with one of these annotations: org.springframework.data.redis.core.RedisHash (preferred), or consider extending one of the following types with your repository: org.springframework.data.keyvalue.repository.KeyValueRepository
14-03-2026 16:19:51.416 INFO  o.s.d.r.c.RepositoryConfigurationExtensionSupport.isStrictRepositoryCandidate.320 - Spring Data Redis - Could not safely identify store assignment for repository candidate interface com.elcom.adminconsolebackend.repository.management.MonitorDataSourceRepository; If you want this repository to be a Redis repository, consider annotating your entities with one of these annotations: org.springframework.data.redis.core.RedisHash (preferred), or consider extending one of the following types with your repository: org.springframework.data.keyvalue.repository.KeyValueRepository
14-03-2026 16:19:51.416 INFO  o.s.d.r.c.RepositoryConfigurationExtensionSupport.isStrictRepositoryCandidate.320 - Spring Data Redis - Could not safely identify store assignment for repository candidate interface com.elcom.adminconsolebackend.repository.management.MonitorRepository; If you want this repository to be a Redis repository, consider annotating your entities with one of these annotations: org.springframework.data.redis.core.RedisHash (preferred), or consider extending one of the following types with your repository: org.springframework.data.keyvalue.repository.KeyValueRepository
14-03-2026 16:19:51.416 INFO  o.s.d.r.c.RepositoryConfigurationExtensionSupport.isStrictRepositoryCandidate.320 - Spring Data Redis - Could not safely identify store assignment for repository candidate interface com.elcom.adminconsolebackend.repository.management.ServiceInfoRepository; If you want this repository to be a Redis repository, consider annotating your entities with one of these annotations: org.springframework.data.redis.core.RedisHash (preferred), or consider extending one of the following types with your repository: org.springframework.data.keyvalue.repository.KeyValueRepository
14-03-2026 16:19:51.416 INFO  o.s.d.r.c.RepositoryConfigurationExtensionSupport.isStrictRepositoryCandidate.320 - Spring Data Redis - Could not safely identify store assignment for repository candidate interface com.elcom.adminconsolebackend.repository.management.WarningMessageRepository; If you want this repository to be a Redis repository, consider annotating your entities with one of these annotations: org.springframework.data.redis.core.RedisHash (preferred), or consider extending one of the following types with your repository: org.springframework.data.keyvalue.repository.KeyValueRepository
14-03-2026 16:19:51.416 INFO  o.s.d.r.c.RepositoryConfigurationExtensionSupport.isStrictRepositoryCandidate.320 - Spring Data Redis - Could not safely identify store assignment for repository candidate interface com.elcom.adminconsolebackend.repository.management.WarningSettingRepository; If you want this repository to be a Redis repository, consider annotating your entities with one of these annotations: org.springframework.data.redis.core.RedisHash (preferred), or consider extending one of the following types with your repository: org.springframework.data.keyvalue.repository.KeyValueRepository
14-03-2026 16:19:51.416 INFO  o.s.d.r.c.RepositoryConfigurationDelegate.registerRepositoriesIn.211 - Finished Spring Data repository scanning in 27 ms. Found 0 Redis repository interfaces.
14-03-2026 16:19:51.744 INFO  o.s.cloud.context.scope.GenericScope.setSerializationId.282 - BeanFactory id=c82388e7-e4ba-36d4-b9fb-8778cd1bc840
14-03-2026 16:19:52.135 WARN  o.s.c.s.PostProcessorRegistrationDelegate$BeanPostProcessorChecker.postProcessAfterInitialization.429 - Bean 'org.springframework.cloud.client.loadbalancer.LoadBalancerAutoConfiguration$DeferringLoadBalancerInterceptorConfig' of type [org.springframework.cloud.client.loadbalancer.LoadBalancerAutoConfiguration$DeferringLoadBalancerInterceptorConfig] is not eligible for getting processed by all BeanPostProcessors (for example: not eligible for auto-proxying). The currently created BeanPostProcessor [lbRestClientPostProcessor] is declared through a non-static factory method on that class; consider declaring it as static instead.
14-03-2026 16:19:52.151 WARN  o.s.c.s.PostProcessorRegistrationDelegate$BeanPostProcessorChecker.postProcessAfterInitialization.437 - Bean 'deferringLoadBalancerInterceptor' of type [org.springframework.cloud.client.loadbalancer.DeferringLoadBalancerInterceptor] is not eligible for getting processed by all BeanPostProcessors (for example: not eligible for auto-proxying). Is this bean getting eagerly injected into a currently created BeanPostProcessor [lbRestClientPostProcessor]? Check the corresponding BeanPostProcessor declaration and its dependencies.
14-03-2026 16:19:52.151 WARN  o.s.c.s.PostProcessorRegistrationDelegate$BeanPostProcessorChecker.postProcessAfterInitialization.429 - Bean 'org.springframework.cloud.client.loadbalancer.reactive.LoadBalancerBeanPostProcessorAutoConfiguration' of type [org.springframework.cloud.client.loadbalancer.reactive.LoadBalancerBeanPostProcessorAutoConfiguration] is not eligible for getting processed by all BeanPostProcessors (for example: not eligible for auto-proxying). The currently created BeanPostProcessor [loadBalancerWebClientBuilderBeanPostProcessor] is declared through a non-static factory method on that class; consider declaring it as static instead.
14-03-2026 16:19:52.151 WARN  o.s.c.s.PostProcessorRegistrationDelegate$BeanPostProcessorChecker.postProcessAfterInitialization.437 - Bean 'org.springframework.cloud.client.loadbalancer.reactive.LoadBalancerBeanPostProcessorAutoConfiguration$ReactorDeferringLoadBalancerFilterConfig' of type [org.springframework.cloud.client.loadbalancer.reactive.LoadBalancerBeanPostProcessorAutoConfiguration$ReactorDeferringLoadBalancerFilterConfig] is not eligible for getting processed by all BeanPostProcessors (for example: not eligible for auto-proxying). Is this bean getting eagerly injected into a currently created BeanPostProcessor [loadBalancerWebClientBuilderBeanPostProcessor]? Check the corresponding BeanPostProcessor declaration and its dependencies.
14-03-2026 16:19:52.151 WARN  o.s.c.s.PostProcessorRegistrationDelegate$BeanPostProcessorChecker.postProcessAfterInitialization.437 - Bean 'reactorDeferringLoadBalancerExchangeFilterFunction' of type [org.springframework.cloud.client.loadbalancer.reactive.DeferringLoadBalancerExchangeFilterFunction] is not eligible for getting processed by all BeanPostProcessors (for example: not eligible for auto-proxying). Is this bean getting eagerly injected into a currently created BeanPostProcessor [loadBalancerWebClientBuilderBeanPostProcessor]? Check the corresponding BeanPostProcessor declaration and its dependencies.
14-03-2026 16:19:52.479 INFO  o.s.b.w.e.tomcat.TomcatWebServer.initialize.111 - Tomcat initialized with port 6001 (http)
14-03-2026 16:19:52.588 INFO  o.s.b.w.s.c.ServletWebServerApplicationContext.prepareWebApplicationContext.296 - Root WebApplicationContext: initialization completed in 4644 ms
14-03-2026 16:19:53.541 INFO  o.s.o.j.p.SpringPersistenceUnitInfo.addTransformer.87 - No LoadTimeWeaver setup: ignoring JPA class transformer
14-03-2026 16:19:59.536 INFO  o.s.o.j.LocalContainerEntityManagerFactoryBean.buildNativeEntityManagerFactory.437 - Initialized JPA EntityManagerFactory for persistence unit 'clickhouseSource'
14-03-2026 16:19:59.677 INFO  o.s.o.j.p.SpringPersistenceUnitInfo.addTransformer.87 - No LoadTimeWeaver setup: ignoring JPA class transformer
14-03-2026 16:20:00.567 INFO  o.s.o.j.LocalContainerEntityManagerFactoryBean.buildNativeEntityManagerFactory.437 - Initialized JPA EntityManagerFactory for persistence unit 'managementSource'
14-03-2026 16:20:02.007 INFO  o.s.d.j.r.query.QueryEnhancerFactory.<clinit>.49 - Hibernate is in classpath; If applicable, HQL parser will be used.
14-03-2026 16:20:05.874 INFO  o.s.cloud.commons.util.InetUtils.convertAddress.170 - Cannot determine local hostname
14-03-2026 16:20:05.924 INFO  o.s.b.a.e.web.EndpointLinksResolver.<init>.60 - Exposing 3 endpoints beneath base path '/actuator'
14-03-2026 16:20:06.017 INFO  o.s.s.web.DefaultSecurityFilterChain.<init>.54 - Will secure any request with [org.springframework.security.web.session.DisableEncodeUrlFilter@107b7bea, org.springframework.security.web.context.request.async.WebAsyncManagerIntegrationFilter@135f3f19, org.springframework.security.web.context.SecurityContextHolderFilter@2c3ade2a, org.springframework.security.web.header.HeaderWriterFilter@5da39ad8, org.springframework.web.filter.CorsFilter@5a79b792, org.springframework.security.web.authentication.logout.LogoutFilter@5d46f79f, org.springframework.security.oauth2.server.resource.web.authentication.BearerTokenAuthenticationFilter@107b30e0, org.springframework.security.web.savedrequest.RequestCacheAwareFilter@1b0cefc8, org.springframework.security.web.servletapi.SecurityContextHolderAwareRequestFilter@fc2e91, org.springframework.security.web.authentication.AnonymousAuthenticationFilter@5a6a336c, org.springframework.security.web.access.ExceptionTranslationFilter@609b91b4, org.springframework.security.web.access.intercept.AuthorizationFilter@27f64853]
14-03-2026 16:20:08.362 INFO  o.s.cloud.commons.util.InetUtils.convertAddress.170 - Cannot determine local hostname
14-03-2026 16:20:08.502 INFO  o.s.b.w.e.tomcat.TomcatWebServer.start.243 - Tomcat started on port 6001 (http) with context path '/'
14-03-2026 16:20:09.631 INFO  o.s.cloud.commons.util.InetUtils.convertAddress.170 - Cannot determine local hostname
14-03-2026 16:20:10.749 INFO  o.s.cloud.commons.util.InetUtils.convertAddress.170 - Cannot determine local hostname
14-03-2026 16:20:10.765 INFO  c.e.a.AdminConsoleBackendApplication.logStarted.56 - Started AdminConsoleBackendApplication in 24.665 seconds (process running for 26.217)
14-03-2026 16:20:14.331 WARN  o.s.b.a.j.DataSourceHealthIndicator.logExceptionIfPresent.94 - DataSource health check failed
org.springframework.jdbc.CannotGetJdbcConnectionException: Failed to obtain JDBC Connection
	at org.springframework.jdbc.datasource.DataSourceUtils.getConnection(DataSourceUtils.java:84)
	at org.springframework.jdbc.core.JdbcTemplate.execute(JdbcTemplate.java:342)
	at org.springframework.boot.actuate.jdbc.DataSourceHealthIndicator.getProduct(DataSourceHealthIndicator.java:122)
	at org.springframework.boot.actuate.jdbc.DataSourceHealthIndicator.doDataSourceHealthCheck(DataSourceHealthIndicator.java:105)
	at org.springframework.boot.actuate.jdbc.DataSourceHealthIndicator.doHealthCheck(DataSourceHealthIndicator.java:100)
	at org.springframework.boot.actuate.health.AbstractHealthIndicator.health(AbstractHealthIndicator.java:82)
	at org.springframework.boot.actuate.health.HealthIndicator.getHealth(HealthIndicator.java:37)
	at org.springframework.boot.actuate.health.HealthEndpoint.getHealth(HealthEndpoint.java:82)
	at org.springframework.boot.actuate.health.HealthEndpoint.getHealth(HealthEndpoint.java:41)
	at org.springframework.boot.actuate.health.HealthEndpointSupport.getLoggedHealth(HealthEndpointSupport.java:172)
	at org.springframework.boot.actuate.health.HealthEndpointSupport.getContribution(HealthEndpointSupport.java:145)
	at org.springframework.boot.actuate.health.HealthEndpointSupport.getAggregateContribution(HealthEndpointSupport.java:156)
	at org.springframework.boot.actuate.health.HealthEndpointSupport.getContribution(HealthEndpointSupport.java:141)
	at org.springframework.boot.actuate.health.HealthEndpointSupport.getAggregateContribution(HealthEndpointSupport.java:156)
	at org.springframework.boot.actuate.health.HealthEndpointSupport.getContribution(HealthEndpointSupport.java:141)
	at org.springframework.boot.actuate.health.HealthEndpointSupport.getHealth(HealthEndpointSupport.java:110)
	at org.springframework.boot.actuate.health.HealthEndpointSupport.getHealth(HealthEndpointSupport.java:81)
	at org.springframework.boot.actuate.health.HealthEndpoint.health(HealthEndpoint.java:76)
	at org.springframework.boot.actuate.health.HealthEndpoint.health(HealthEndpoint.java:66)
	at java.base/jdk.internal.reflect.NativeMethodAccessorImpl.invoke0(Native Method)
	at java.base/jdk.internal.reflect.NativeMethodAccessorImpl.invoke(NativeMethodAccessorImpl.java:77)
	at java.base/jdk.internal.reflect.DelegatingMethodAccessorImpl.invoke(DelegatingMethodAccessorImpl.java:43)
	at java.base/java.lang.reflect.Method.invoke(Method.java:569)
	at org.springframework.util.ReflectionUtils.invokeMethod(ReflectionUtils.java:281)
	at org.springframework.boot.actuate.endpoint.invoke.reflect.ReflectiveOperationInvoker.invoke(ReflectiveOperationInvoker.java:74)
	at org.springframework.boot.actuate.endpoint.annotation.AbstractDiscoveredOperation.invoke(AbstractDiscoveredOperation.java:60)
	at org.springframework.boot.actuate.endpoint.jmx.EndpointMBean.invoke(EndpointMBean.java:124)
	at org.springframework.boot.actuate.endpoint.jmx.EndpointMBean.invoke(EndpointMBean.java:97)
	at java.management/com.sun.jmx.interceptor.DefaultMBeanServerInterceptor.invoke(DefaultMBeanServerInterceptor.java:814)
	at java.management/com.sun.jmx.mbeanserver.JmxMBeanServer.invoke(JmxMBeanServer.java:802)
	at java.management.rmi/javax.management.remote.rmi.RMIConnectionImpl.doOperation(RMIConnectionImpl.java:1472)
	at java.management.rmi/javax.management.remote.rmi.RMIConnectionImpl$PrivilegedOperation.run(RMIConnectionImpl.java:1310)
	at java.management.rmi/javax.management.remote.rmi.RMIConnectionImpl.doPrivilegedOperation(RMIConnectionImpl.java:1405)
	at java.management.rmi/javax.management.remote.rmi.RMIConnectionImpl.invoke(RMIConnectionImpl.java:829)
	at java.base/jdk.internal.reflect.GeneratedMethodAccessor76.invoke(Unknown Source)
	at java.base/jdk.internal.reflect.DelegatingMethodAccessorImpl.invoke(DelegatingMethodAccessorImpl.java:43)
	at java.base/java.lang.reflect.Method.invoke(Method.java:569)
	at java.rmi/sun.rmi.server.UnicastServerRef.dispatch(UnicastServerRef.java:360)
	at java.rmi/sun.rmi.transport.Transport$1.run(Transport.java:200)
	at java.rmi/sun.rmi.transport.Transport$1.run(Transport.java:197)
	at java.base/java.security.AccessController.doPrivileged(AccessController.java:712)
	at java.rmi/sun.rmi.transport.Transport.serviceCall(Transport.java:196)
	at java.rmi/sun.rmi.transport.tcp.TCPTransport.handleMessages(TCPTransport.java:587)
	at java.rmi/sun.rmi.transport.tcp.TCPTransport$ConnectionHandler.run0(TCPTransport.java:828)
	at java.rmi/sun.rmi.transport.tcp.TCPTransport$ConnectionHandler.lambda$run$0(TCPTransport.java:705)
	at java.base/java.security.AccessController.doPrivileged(AccessController.java:399)
	at java.rmi/sun.rmi.transport.tcp.TCPTransport$ConnectionHandler.run(TCPTransport.java:704)
	at java.base/java.util.concurrent.ThreadPoolExecutor.runWorker(ThreadPoolExecutor.java:1136)
	at java.base/java.util.concurrent.ThreadPoolExecutor$Worker.run(ThreadPoolExecutor.java:635)
	at java.base/java.lang.Thread.run(Thread.java:840)
Caused by: java.sql.SQLException: Connection refused: getsockopt, server ClickHouseNode [uri=http://192.168.51.251:8124/default, options={socket_timeout=180000}]@-191094964
	at com.clickhouse.jdbc.SqlExceptionUtils.handle(SqlExceptionUtils.java:85)
	at com.clickhouse.jdbc.SqlExceptionUtils.create(SqlExceptionUtils.java:31)
	at com.clickhouse.jdbc.SqlExceptionUtils.handle(SqlExceptionUtils.java:90)
	at com.clickhouse.jdbc.internal.ClickHouseConnectionImpl.getServerInfo(ClickHouseConnectionImpl.java:131)
	at com.clickhouse.jdbc.internal.ClickHouseConnectionImpl.<init>(ClickHouseConnectionImpl.java:335)
	at com.clickhouse.jdbc.internal.ClickHouseConnectionImpl.<init>(ClickHouseConnectionImpl.java:288)
	at com.clickhouse.jdbc.ClickHouseDriver.connect(ClickHouseDriver.java:157)
	at com.clickhouse.jdbc.ClickHouseDriver.connect(ClickHouseDriver.java:41)
	at com.zaxxer.hikari.util.DriverDataSource.getConnection(DriverDataSource.java:137)
	at com.zaxxer.hikari.pool.PoolBase.newConnection(PoolBase.java:360)
	at com.zaxxer.hikari.pool.PoolBase.newPoolEntry(PoolBase.java:202)
	at com.zaxxer.hikari.pool.HikariPool.createPoolEntry(HikariPool.java:461)
	at com.zaxxer.hikari.pool.HikariPool.checkFailFast(HikariPool.java:550)
	at com.zaxxer.hikari.pool.HikariPool.<init>(HikariPool.java:98)
	at com.zaxxer.hikari.HikariDataSource.getConnection(HikariDataSource.java:111)
	at org.springframework.jdbc.datasource.DataSourceUtils.fetchConnection(DataSourceUtils.java:160)
	at org.springframework.jdbc.datasource.DataSourceUtils.doGetConnection(DataSourceUtils.java:118)
	at org.springframework.jdbc.datasource.DataSourceUtils.getConnection(DataSourceUtils.java:81)
	... 49 common frames omitted
Caused by: java.net.ConnectException: Connection refused: getsockopt
	at java.base/sun.nio.ch.Net.pollConnect(Native Method)
	at java.base/sun.nio.ch.Net.pollConnectNow(Net.java:684)
	at java.base/sun.nio.ch.NioSocketImpl.timedFinishConnect(NioSocketImpl.java:554)
	at java.base/sun.nio.ch.NioSocketImpl.connect(NioSocketImpl.java:602)
	at java.base/java.net.Socket.connect(Socket.java:633)
	at java.base/sun.net.NetworkClient.doConnect(NetworkClient.java:178)
	at java.base/sun.net.www.http.HttpClient.openServer(HttpClient.java:533)
	at java.base/sun.net.www.http.HttpClient.openServer(HttpClient.java:638)
	at java.base/sun.net.www.http.HttpClient.<init>(HttpClient.java:283)
	at java.base/sun.net.www.http.HttpClient.New(HttpClient.java:386)
	at java.base/sun.net.www.http.HttpClient.New(HttpClient.java:408)
	at java.base/sun.net.www.protocol.http.HttpURLConnection.getNewHttpClient(HttpURLConnection.java:1329)
	at java.base/sun.net.www.protocol.http.HttpURLConnection.plainConnect0(HttpURLConnection.java:1262)
	at java.base/sun.net.www.protocol.http.HttpURLConnection.plainConnect(HttpURLConnection.java:1148)
	at java.base/sun.net.www.protocol.http.HttpURLConnection.connect(HttpURLConnection.java:1077)
	at java.base/sun.net.www.protocol.http.HttpURLConnection.getOutputStream0(HttpURLConnection.java:1479)
	at java.base/sun.net.www.protocol.http.HttpURLConnection.getOutputStream(HttpURLConnection.java:1442)
	at com.clickhouse.client.http.HttpUrlConnectionImpl.post(HttpUrlConnectionImpl.java:225)
	at com.clickhouse.client.http.ClickHouseHttpClient.send(ClickHouseHttpClient.java:124)
	at com.clickhouse.client.AbstractClient.execute(AbstractClient.java:280)
	at com.clickhouse.client.ClickHouseClientBuilder$Agent.sendOnce(ClickHouseClientBuilder.java:282)
	at com.clickhouse.client.ClickHouseClientBuilder$Agent.send(ClickHouseClientBuilder.java:294)
	at com.clickhouse.client.ClickHouseClientBuilder$Agent.execute(ClickHouseClientBuilder.java:349)
	at com.clickhouse.client.ClickHouseClient.executeAndWait(ClickHouseClient.java:1056)
	at com.clickhouse.client.ClickHouseRequest.executeAndWait(ClickHouseRequest.java:2154)
	at com.clickhouse.jdbc.internal.ClickHouseConnectionImpl.getServerInfo(ClickHouseConnectionImpl.java:128)
	... 63 common frames omitted
14-03-2026 16:21:36.469 INFO  c.e.a.AdminConsoleBackendApplication.logStarting.50 - Starting AdminConsoleBackendApplication using Java 17.0.18 with PID 12904 (D:\METAINT\adminconsole-backend\admin-console-backend\target\classes started by HoangSieuCapVipPro in D:\METAINT\adminconsole-backend\admin-console-backend)
14-03-2026 16:21:36.483 INFO  c.e.a.AdminConsoleBackendApplication.logStartupProfileInfo.654 - No active profile set, falling back to 1 default profile: "default"
14-03-2026 16:21:37.627 INFO  o.s.d.r.c.RepositoryConfigurationDelegate.multipleStoresDetected.295 - Multiple Spring Data modules found, entering strict repository configuration mode
14-03-2026 16:21:37.627 INFO  o.s.d.r.c.RepositoryConfigurationDelegate.registerRepositoriesIn.143 - Bootstrapping Spring Data JPA repositories in DEFAULT mode.
14-03-2026 16:21:37.642 INFO  o.s.d.r.c.RepositoryConfigurationDelegate.registerRepositoriesIn.211 - Finished Spring Data repository scanning in 6 ms. Found 0 JPA repository interfaces.
14-03-2026 16:21:37.642 INFO  o.s.d.r.c.RepositoryConfigurationDelegate.multipleStoresDetected.295 - Multiple Spring Data modules found, entering strict repository configuration mode
14-03-2026 16:21:37.642 INFO  o.s.d.r.c.RepositoryConfigurationDelegate.registerRepositoriesIn.143 - Bootstrapping Spring Data JPA repositories in DEFAULT mode.
14-03-2026 16:21:37.736 INFO  o.s.d.r.c.RepositoryConfigurationDelegate.registerRepositoriesIn.211 - Finished Spring Data repository scanning in 89 ms. Found 9 JPA repository interfaces.
14-03-2026 16:21:38.314 INFO  o.s.d.r.c.RepositoryConfigurationDelegate.multipleStoresDetected.295 - Multiple Spring Data modules found, entering strict repository configuration mode
14-03-2026 16:21:38.314 INFO  o.s.d.r.c.RepositoryConfigurationDelegate.registerRepositoriesIn.143 - Bootstrapping Spring Data Redis repositories in DEFAULT mode.
14-03-2026 16:21:38.345 INFO  o.s.d.r.c.RepositoryConfigurationExtensionSupport.isStrictRepositoryCandidate.320 - Spring Data Redis - Could not safely identify store assignment for repository candidate interface com.elcom.adminconsolebackend.repository.management.GroupMappingRepository; If you want this repository to be a Redis repository, consider annotating your entities with one of these annotations: org.springframework.data.redis.core.RedisHash (preferred), or consider extending one of the following types with your repository: org.springframework.data.keyvalue.repository.KeyValueRepository
14-03-2026 16:21:38.345 INFO  o.s.d.r.c.RepositoryConfigurationExtensionSupport.isStrictRepositoryCandidate.320 - Spring Data Redis - Could not safely identify store assignment for repository candidate interface com.elcom.adminconsolebackend.repository.management.GroupRepository; If you want this repository to be a Redis repository, consider annotating your entities with one of these annotations: org.springframework.data.redis.core.RedisHash (preferred), or consider extending one of the following types with your repository: org.springframework.data.keyvalue.repository.KeyValueRepository
14-03-2026 16:21:38.345 INFO  o.s.d.r.c.RepositoryConfigurationExtensionSupport.isStrictRepositoryCandidate.320 - Spring Data Redis - Could not safely identify store assignment for repository candidate interface com.elcom.adminconsolebackend.repository.management.HistoryRepository; If you want this repository to be a Redis repository, consider annotating your entities with one of these annotations: org.springframework.data.redis.core.RedisHash (preferred), or consider extending one of the following types with your repository: org.springframework.data.keyvalue.repository.KeyValueRepository
14-03-2026 16:21:38.345 INFO  o.s.d.r.c.RepositoryConfigurationExtensionSupport.isStrictRepositoryCandidate.320 - Spring Data Redis - Could not safely identify store assignment for repository candidate interface com.elcom.adminconsolebackend.repository.management.IpAccessRepository; If you want this repository to be a Redis repository, consider annotating your entities with one of these annotations: org.springframework.data.redis.core.RedisHash (preferred), or consider extending one of the following types with your repository: org.springframework.data.keyvalue.repository.KeyValueRepository
14-03-2026 16:21:38.345 INFO  o.s.d.r.c.RepositoryConfigurationExtensionSupport.isStrictRepositoryCandidate.320 - Spring Data Redis - Could not safely identify store assignment for repository candidate interface com.elcom.adminconsolebackend.repository.management.MonitorDataSourceRepository; If you want this repository to be a Redis repository, consider annotating your entities with one of these annotations: org.springframework.data.redis.core.RedisHash (preferred), or consider extending one of the following types with your repository: org.springframework.data.keyvalue.repository.KeyValueRepository
14-03-2026 16:21:38.345 INFO  o.s.d.r.c.RepositoryConfigurationExtensionSupport.isStrictRepositoryCandidate.320 - Spring Data Redis - Could not safely identify store assignment for repository candidate interface com.elcom.adminconsolebackend.repository.management.MonitorRepository; If you want this repository to be a Redis repository, consider annotating your entities with one of these annotations: org.springframework.data.redis.core.RedisHash (preferred), or consider extending one of the following types with your repository: org.springframework.data.keyvalue.repository.KeyValueRepository
14-03-2026 16:21:38.345 INFO  o.s.d.r.c.RepositoryConfigurationExtensionSupport.isStrictRepositoryCandidate.320 - Spring Data Redis - Could not safely identify store assignment for repository candidate interface com.elcom.adminconsolebackend.repository.management.ServiceInfoRepository; If you want this repository to be a Redis repository, consider annotating your entities with one of these annotations: org.springframework.data.redis.core.RedisHash (preferred), or consider extending one of the following types with your repository: org.springframework.data.keyvalue.repository.KeyValueRepository
14-03-2026 16:21:38.345 INFO  o.s.d.r.c.RepositoryConfigurationExtensionSupport.isStrictRepositoryCandidate.320 - Spring Data Redis - Could not safely identify store assignment for repository candidate interface com.elcom.adminconsolebackend.repository.management.WarningMessageRepository; If you want this repository to be a Redis repository, consider annotating your entities with one of these annotations: org.springframework.data.redis.core.RedisHash (preferred), or consider extending one of the following types with your repository: org.springframework.data.keyvalue.repository.KeyValueRepository
14-03-2026 16:21:38.345 INFO  o.s.d.r.c.RepositoryConfigurationExtensionSupport.isStrictRepositoryCandidate.320 - Spring Data Redis - Could not safely identify store assignment for repository candidate interface com.elcom.adminconsolebackend.repository.management.WarningSettingRepository; If you want this repository to be a Redis repository, consider annotating your entities with one of these annotations: org.springframework.data.redis.core.RedisHash (preferred), or consider extending one of the following types with your repository: org.springframework.data.keyvalue.repository.KeyValueRepository
14-03-2026 16:21:38.361 INFO  o.s.d.r.c.RepositoryConfigurationDelegate.registerRepositoriesIn.211 - Finished Spring Data repository scanning in 30 ms. Found 0 Redis repository interfaces.
14-03-2026 16:21:38.767 INFO  o.s.cloud.context.scope.GenericScope.setSerializationId.282 - BeanFactory id=c82388e7-e4ba-36d4-b9fb-8778cd1bc840
14-03-2026 16:21:39.127 WARN  o.s.c.s.PostProcessorRegistrationDelegate$BeanPostProcessorChecker.postProcessAfterInitialization.429 - Bean 'org.springframework.cloud.client.loadbalancer.LoadBalancerAutoConfiguration$DeferringLoadBalancerInterceptorConfig' of type [org.springframework.cloud.client.loadbalancer.LoadBalancerAutoConfiguration$DeferringLoadBalancerInterceptorConfig] is not eligible for getting processed by all BeanPostProcessors (for example: not eligible for auto-proxying). The currently created BeanPostProcessor [lbRestClientPostProcessor] is declared through a non-static factory method on that class; consider declaring it as static instead.
14-03-2026 16:21:39.127 WARN  o.s.c.s.PostProcessorRegistrationDelegate$BeanPostProcessorChecker.postProcessAfterInitialization.437 - Bean 'deferringLoadBalancerInterceptor' of type [org.springframework.cloud.client.loadbalancer.DeferringLoadBalancerInterceptor] is not eligible for getting processed by all BeanPostProcessors (for example: not eligible for auto-proxying). Is this bean getting eagerly injected into a currently created BeanPostProcessor [lbRestClientPostProcessor]? Check the corresponding BeanPostProcessor declaration and its dependencies.
14-03-2026 16:21:39.127 WARN  o.s.c.s.PostProcessorRegistrationDelegate$BeanPostProcessorChecker.postProcessAfterInitialization.429 - Bean 'org.springframework.cloud.client.loadbalancer.reactive.LoadBalancerBeanPostProcessorAutoConfiguration' of type [org.springframework.cloud.client.loadbalancer.reactive.LoadBalancerBeanPostProcessorAutoConfiguration] is not eligible for getting processed by all BeanPostProcessors (for example: not eligible for auto-proxying). The currently created BeanPostProcessor [loadBalancerWebClientBuilderBeanPostProcessor] is declared through a non-static factory method on that class; consider declaring it as static instead.
14-03-2026 16:21:39.127 WARN  o.s.c.s.PostProcessorRegistrationDelegate$BeanPostProcessorChecker.postProcessAfterInitialization.437 - Bean 'org.springframework.cloud.client.loadbalancer.reactive.LoadBalancerBeanPostProcessorAutoConfiguration$ReactorDeferringLoadBalancerFilterConfig' of type [org.springframework.cloud.client.loadbalancer.reactive.LoadBalancerBeanPostProcessorAutoConfiguration$ReactorDeferringLoadBalancerFilterConfig] is not eligible for getting processed by all BeanPostProcessors (for example: not eligible for auto-proxying). Is this bean getting eagerly injected into a currently created BeanPostProcessor [loadBalancerWebClientBuilderBeanPostProcessor]? Check the corresponding BeanPostProcessor declaration and its dependencies.
14-03-2026 16:21:39.127 WARN  o.s.c.s.PostProcessorRegistrationDelegate$BeanPostProcessorChecker.postProcessAfterInitialization.437 - Bean 'reactorDeferringLoadBalancerExchangeFilterFunction' of type [org.springframework.cloud.client.loadbalancer.reactive.DeferringLoadBalancerExchangeFilterFunction] is not eligible for getting processed by all BeanPostProcessors (for example: not eligible for auto-proxying). Is this bean getting eagerly injected into a currently created BeanPostProcessor [loadBalancerWebClientBuilderBeanPostProcessor]? Check the corresponding BeanPostProcessor declaration and its dependencies.
14-03-2026 16:21:39.579 INFO  o.s.b.w.e.tomcat.TomcatWebServer.initialize.111 - Tomcat initialized with port 6001 (http)
14-03-2026 16:21:39.782 INFO  o.s.b.w.s.c.ServletWebServerApplicationContext.prepareWebApplicationContext.296 - Root WebApplicationContext: initialization completed in 3212 ms
14-03-2026 16:21:41.063 INFO  o.s.o.j.p.SpringPersistenceUnitInfo.addTransformer.87 - No LoadTimeWeaver setup: ignoring JPA class transformer
14-03-2026 16:21:55.411 INFO  o.s.o.j.LocalContainerEntityManagerFactoryBean.buildNativeEntityManagerFactory.437 - Initialized JPA EntityManagerFactory for persistence unit 'clickhouseSource'
14-03-2026 16:21:55.536 INFO  o.s.o.j.p.SpringPersistenceUnitInfo.addTransformer.87 - No LoadTimeWeaver setup: ignoring JPA class transformer
14-03-2026 16:21:56.280 INFO  o.s.o.j.LocalContainerEntityManagerFactoryBean.buildNativeEntityManagerFactory.437 - Initialized JPA EntityManagerFactory for persistence unit 'managementSource'
14-03-2026 16:21:57.624 INFO  o.s.d.j.r.query.QueryEnhancerFactory.<clinit>.49 - Hibernate is in classpath; If applicable, HQL parser will be used.
14-03-2026 16:22:00.533 INFO  o.s.cloud.commons.util.InetUtils.convertAddress.170 - Cannot determine local hostname
14-03-2026 16:22:00.586 INFO  o.s.b.a.e.web.EndpointLinksResolver.<init>.60 - Exposing 3 endpoints beneath base path '/actuator'
14-03-2026 16:22:00.701 INFO  o.s.s.web.DefaultSecurityFilterChain.<init>.54 - Will secure any request with [org.springframework.security.web.session.DisableEncodeUrlFilter@2c6e8eed, org.springframework.security.web.context.request.async.WebAsyncManagerIntegrationFilter@6e094fb7, org.springframework.security.web.context.SecurityContextHolderFilter@57a9be7f, org.springframework.security.web.header.HeaderWriterFilter@3af91e7e, org.springframework.web.filter.CorsFilter@6e2b679e, org.springframework.security.web.authentication.logout.LogoutFilter@11fe8a70, org.springframework.security.oauth2.server.resource.web.authentication.BearerTokenAuthenticationFilter@7979062, org.springframework.security.web.savedrequest.RequestCacheAwareFilter@307680d8, org.springframework.security.web.servletapi.SecurityContextHolderAwareRequestFilter@51952ba0, org.springframework.security.web.authentication.AnonymousAuthenticationFilter@78a689e7, org.springframework.security.web.access.ExceptionTranslationFilter@641af961, org.springframework.security.web.access.intercept.AuthorizationFilter@63fac644]
14-03-2026 16:22:03.465 INFO  o.s.cloud.commons.util.InetUtils.convertAddress.170 - Cannot determine local hostname
14-03-2026 16:22:03.599 INFO  o.s.b.w.e.tomcat.TomcatWebServer.start.243 - Tomcat started on port 6001 (http) with context path '/'
14-03-2026 16:22:04.732 INFO  o.s.cloud.commons.util.InetUtils.convertAddress.170 - Cannot determine local hostname
14-03-2026 16:22:05.861 INFO  o.s.cloud.commons.util.InetUtils.convertAddress.170 - Cannot determine local hostname
14-03-2026 16:22:05.877 INFO  c.e.a.AdminConsoleBackendApplication.logStarted.56 - Started AdminConsoleBackendApplication in 31.15 seconds (process running for 32.338)
